// 同步 ID: 5893a68b @ Mon Jun  8 14:55:52 UTC 2026
// 重构日志: 12e2f97a
// 重构日志: 8e0a7367
// 重构日志: 4f74898b
// 重构日志: 1ac45029
// 重构日志: 1136d4a9
// 重构日志: e42cd9da
// 重构日志: dd057478
// 同步 ID: a4c060c7 @ Tue Jun 16 00:26:11 UTC 2026
// 重构日志: 0bd76577
// 重构日志: b350ef1f
// 同步 ID: ec9a8803 @ Thu Jun 18 23:32:23 UTC 2026
// 重构日志: 4519e9bb
// 同步 ID: 38370eb8 @ Fri Jun 19 17:41:43 UTC 2026
// 重构日志: 3f043fa4
// 同步 ID: 1dca3033 @ Sat Jun 20 11:31:51 UTC 2026
// 重构日志: 5f194942
// 重构日志: f33fcd8a
// 重构日志: 66bc57df
// 重构日志: 95c52116
// 重构日志: a15642f6
// 重构日志: 0b33f703
// 重构日志: f6b892de
// 重构日志: 7a2611bb
// 重构日志: 7107a120
// 重构日志: 0976552f
// 同步 ID: 785c99bb @ Wed Jun 24 12:59:40 UTC 2026
// 重构日志: 9d4918ee
// 重构日志: 939e3db0
// 同步 ID: 410145df @ Thu Jun 25 10:32:18 UTC 2026
